24-05-20 22:48:22.445 : Params number: 317218
24-05-20 22:48:22.446 : D:\Desktop\test1\RLFN-main\data\DIV2K_test_LR
24-05-20 22:48:22.446 : D:\Desktop\test1\RLFN-main\data\DIV2K_test_LR_results
24-05-20 22:48:22.447 : ---1-->   0901.png
24-05-20 22:48:23.843 : ---2-->   0902.png
24-05-20 22:48:24.164 : ---3-->   0903.png
24-05-20 22:48:24.572 : ---4-->   0904.png
24-05-20 22:48:24.961 : ---5-->   0905.png
24-05-20 22:48:25.318 : ---6-->   0906.png
24-05-20 22:48:25.678 : ---7-->   0907.png
24-05-20 22:48:26.074 : ---8-->   0908.png
24-05-20 22:48:26.433 : ---9-->   0909.png
24-05-20 22:48:26.799 : --10-->   0910.png
24-05-20 22:48:27.135 : --11-->   0911.png
24-05-20 22:48:27.471 : --12-->   0912.png
24-05-20 22:48:27.734 : --13-->   0913.png
24-05-20 22:48:28.085 : --14-->   0914.png
24-05-20 22:48:28.400 : --15-->   0915.png
24-05-20 22:48:28.775 : --16-->   0916.png
24-05-20 22:48:29.115 : --17-->   0917.png
24-05-20 22:48:29.465 : --18-->   0918.png
24-05-20 22:48:29.790 : --19-->   0919.png
24-05-20 22:48:30.137 : --20-->   0920.png
24-05-20 22:48:30.498 : --21-->   0921.png
24-05-20 22:48:30.851 : --22-->   0922.png
24-05-20 22:48:31.204 : --23-->   0923.png
24-05-20 22:48:31.626 : --24-->   0924.png
24-05-20 22:48:31.984 : --25-->   0925.png
24-05-20 22:48:32.355 : --26-->   0926.png
24-05-20 22:48:32.569 : --27-->   0927.png
24-05-20 22:48:32.818 : --28-->   0928.png
24-05-20 22:48:33.170 : --29-->   0929.png
24-05-20 22:48:33.502 : --30-->   0930.png
24-05-20 22:48:33.829 : --31-->   0931.png
24-05-20 22:48:34.169 : --32-->   0932.png
24-05-20 22:48:34.518 : --33-->   0933.png
24-05-20 22:48:34.822 : --34-->   0934.png
24-05-20 22:48:35.163 : --35-->   0935.png
24-05-20 22:48:35.506 : --36-->   0936.png
24-05-20 22:48:35.865 : --37-->   0937.png
24-05-20 22:48:36.181 : --38-->   0938.png
24-05-20 22:48:36.533 : --39-->   0939.png
24-05-20 22:48:36.872 : --40-->   0940.png
24-05-20 22:48:37.196 : --41-->   0941.png
24-05-20 22:48:37.571 : --42-->   0942.png
24-05-20 22:48:37.913 : --43-->   0943.png
24-05-20 22:48:38.270 : --44-->   0944.png
24-05-20 22:48:38.597 : --45-->   0945.png
24-05-20 22:48:39.003 : --46-->   0946.png
24-05-20 22:48:39.353 : --47-->   0947.png
24-05-20 22:48:39.625 : --48-->   0948.png
24-05-20 22:48:40.004 : --49-->   0949.png
24-05-20 22:48:40.342 : --50-->   0950.png
24-05-20 22:48:40.697 : --51-->   0951.png
24-05-20 22:48:41.053 : --52-->   0952.png
24-05-20 22:48:41.399 : --53-->   0953.png
24-05-20 22:48:41.736 : --54-->   0954.png
24-05-20 22:48:42.091 : --55-->   0955.png
24-05-20 22:48:42.443 : --56-->   0956.png
24-05-20 22:48:42.802 : --57-->   0957.png
24-05-20 22:48:43.267 : --58-->   0958.png
24-05-20 22:48:43.624 : --59-->   0959.png
24-05-20 22:48:44.064 : --60-->   0960.png
24-05-20 22:48:44.473 : --61-->   0961.png
24-05-20 22:48:44.994 : --62-->   0962.png
24-05-20 22:48:45.453 : --63-->   0963.png
24-05-20 22:48:45.880 : --64-->   0964.png
24-05-20 22:48:46.215 : --65-->   0965.png
24-05-20 22:48:46.628 : --66-->   0966.png
24-05-20 22:48:47.087 : --67-->   0967.png
24-05-20 22:48:47.776 : --68-->   0968.png
24-05-20 22:48:48.495 : --69-->   0969.png
24-05-20 22:48:48.900 : --70-->   0970.png
24-05-20 22:48:49.375 : --71-->   0971.png
24-05-20 22:48:50.258 : --72-->   0972.png
24-05-20 22:48:51.328 : --73-->   0973.png
24-05-20 22:48:52.222 : --74-->   0974.png
24-05-20 22:48:52.950 : --75-->   0975.png
24-05-20 22:48:53.859 : --76-->   0976.png
24-05-20 22:48:54.725 : --77-->   0977.png
24-05-20 22:48:55.482 : --78-->   0978.png
24-05-20 22:48:56.038 : --79-->   0979.png
24-05-20 22:48:56.621 : --80-->   0980.png
24-05-20 22:48:57.197 : --81-->   0981.png
24-05-20 22:48:58.436 : --82-->   0982.png
24-05-20 22:48:59.255 : --83-->   0983.png
24-05-20 22:49:00.136 : --84-->   0984.png
24-05-20 22:49:00.832 : --85-->   0985.png
24-05-20 22:49:01.690 : --86-->   0986.png
24-05-20 22:49:02.733 : --87-->   0987.png
24-05-20 22:49:03.645 : --88-->   0988.png
24-05-20 22:49:04.577 : --89-->   0989.png
24-05-20 22:49:05.506 : --90-->   0990.png
24-05-20 22:49:06.443 : --91-->   0991.png
24-05-20 22:49:07.576 : --92-->   0992.png
24-05-20 22:49:08.395 : --93-->   0993.png
24-05-20 22:49:08.915 : --94-->   0994.png
24-05-20 22:49:09.667 : --95-->   0995.png
24-05-20 22:49:10.440 : --96-->   0996.png
24-05-20 22:49:11.080 : --97-->   0997.png
24-05-20 22:49:11.581 : --98-->   0998.png
24-05-20 22:49:12.169 : --99-->   0999.png
24-05-20 22:49:12.925 : -100-->   1000.png
24-05-20 22:49:13.765 :     #Activations : 80.0452 [M]
24-05-20 22:49:13.765 :          #Conv2d : 39
24-05-20 22:49:13.851 :            FLOPs : 19.6953 [G]
24-05-20 22:49:13.852 :          #Params : 0.3172 [M]
24-05-20 22:49:13.852 : ------> Average runtime of (D:\Desktop\test1\RLFN-main\data\DIV2K_test_LR) is : 0.343592 seconds
24-05-21 10:34:35.216 : Params number: 317218
24-05-21 10:34:35.216 : D:\Desktop\test1\RLFN-main\data\DIV2K_test_LR
24-05-21 10:34:35.216 : D:\Desktop\test1\RLFN-main\data\DIV2K_test_LR_results
24-05-21 10:34:35.217 : ---1-->   0901.png
24-05-21 10:34:37.018 : ---2-->   0902.png
24-05-21 10:34:37.383 : ---3-->   0903.png
24-05-21 10:34:37.872 : ---4-->   0904.png
24-05-21 10:34:38.325 : ---5-->   0905.png
24-05-21 10:34:38.737 : ---6-->   0906.png
24-05-21 10:34:39.144 : ---7-->   0907.png
24-05-21 10:34:39.600 : ---8-->   0908.png
24-05-21 10:34:40.066 : ---9-->   0909.png
24-05-21 10:34:40.458 : --10-->   0910.png
24-05-21 10:34:40.856 : --11-->   0911.png
24-05-21 10:34:41.246 : --12-->   0912.png
24-05-21 10:34:41.572 : --13-->   0913.png
24-05-21 10:34:41.980 : --14-->   0914.png
24-05-21 10:34:42.322 : --15-->   0915.png
24-05-21 10:34:42.756 : --16-->   0916.png
24-05-21 10:34:43.148 : --17-->   0917.png
24-05-21 10:34:43.559 : --18-->   0918.png
24-05-21 10:34:43.954 : --19-->   0919.png
24-05-21 10:34:44.373 : --20-->   0920.png
24-05-21 10:34:44.806 : --21-->   0921.png
24-05-21 10:34:45.235 : --22-->   0922.png
24-05-21 10:34:45.732 : --23-->   0923.png
24-05-21 10:34:46.306 : --24-->   0924.png
24-05-21 10:34:46.765 : --25-->   0925.png
24-05-21 10:34:47.214 : --26-->   0926.png
24-05-21 10:34:47.491 : --27-->   0927.png
24-05-21 10:34:47.815 : --28-->   0928.png
24-05-21 10:34:48.252 : --29-->   0929.png
24-05-21 10:34:48.676 : --30-->   0930.png
24-05-21 10:34:49.079 : --31-->   0931.png
24-05-21 10:34:49.495 : --32-->   0932.png
24-05-21 10:34:49.935 : --33-->   0933.png
24-05-21 10:34:50.313 : --34-->   0934.png
24-05-21 10:34:50.738 : --35-->   0935.png
24-05-21 10:34:51.265 : --36-->   0936.png
24-05-21 10:34:51.700 : --37-->   0937.png
24-05-21 10:34:52.083 : --38-->   0938.png
24-05-21 10:34:52.505 : --39-->   0939.png
24-05-21 10:34:52.922 : --40-->   0940.png
24-05-21 10:34:53.317 : --41-->   0941.png
24-05-21 10:34:53.771 : --42-->   0942.png
24-05-21 10:34:54.186 : --43-->   0943.png
24-05-21 10:34:54.619 : --44-->   0944.png
24-05-21 10:34:55.019 : --45-->   0945.png
24-05-21 10:34:55.500 : --46-->   0946.png
24-05-21 10:34:55.933 : --47-->   0947.png
24-05-21 10:34:56.270 : --48-->   0948.png
24-05-21 10:34:56.741 : --49-->   0949.png
24-05-21 10:34:57.148 : --50-->   0950.png
24-05-21 10:34:57.568 : --51-->   0951.png
24-05-21 10:34:57.993 : --52-->   0952.png
24-05-21 10:34:58.474 : --53-->   0953.png
24-05-21 10:34:58.914 : --54-->   0954.png
24-05-21 10:34:59.366 : --55-->   0955.png
24-05-21 10:34:59.787 : --56-->   0956.png
24-05-21 10:35:00.213 : --57-->   0957.png
24-05-21 10:35:00.655 : --58-->   0958.png
24-05-21 10:35:01.078 : --59-->   0959.png
24-05-21 10:35:01.554 : --60-->   0960.png
24-05-21 10:35:02.065 : --61-->   0961.png
24-05-21 10:35:02.476 : --62-->   0962.png
24-05-21 10:35:02.861 : --63-->   0963.png
24-05-21 10:35:03.279 : --64-->   0964.png
24-05-21 10:35:03.652 : --65-->   0965.png
24-05-21 10:35:04.063 : --66-->   0966.png
24-05-21 10:35:04.496 : --67-->   0967.png
24-05-21 10:35:04.887 : --68-->   0968.png
24-05-21 10:35:05.288 : --69-->   0969.png
24-05-21 10:35:05.598 : --70-->   0970.png
24-05-21 10:35:06.043 : --71-->   0971.png
24-05-21 10:35:06.479 : --72-->   0972.png
24-05-21 10:35:07.031 : --73-->   0973.png
24-05-21 10:35:07.455 : --74-->   0974.png
24-05-21 10:35:07.827 : --75-->   0975.png
24-05-21 10:35:08.270 : --76-->   0976.png
24-05-21 10:35:08.692 : --77-->   0977.png
24-05-21 10:35:09.126 : --78-->   0978.png
24-05-21 10:35:09.521 : --79-->   0979.png
24-05-21 10:35:09.929 : --80-->   0980.png
24-05-21 10:35:10.366 : --81-->   0981.png
24-05-21 10:35:11.008 : --82-->   0982.png
24-05-21 10:35:11.416 : --83-->   0983.png
24-05-21 10:35:11.862 : --84-->   0984.png
24-05-21 10:35:12.251 : --85-->   0985.png
24-05-21 10:35:12.731 : --86-->   0986.png
24-05-21 10:35:13.246 : --87-->   0987.png
24-05-21 10:35:13.683 : --88-->   0988.png
24-05-21 10:35:14.116 : --89-->   0989.png
24-05-21 10:35:14.540 : --90-->   0990.png
24-05-21 10:35:14.967 : --91-->   0991.png
24-05-21 10:35:15.493 : --92-->   0992.png
24-05-21 10:35:15.942 : --93-->   0993.png
24-05-21 10:35:16.273 : --94-->   0994.png
24-05-21 10:35:16.741 : --95-->   0995.png
24-05-21 10:35:17.260 : --96-->   0996.png
24-05-21 10:35:17.751 : --97-->   0997.png
24-05-21 10:35:18.153 : --98-->   0998.png
24-05-21 10:35:18.604 : --99-->   0999.png
24-05-21 10:35:19.069 : -100-->   1000.png
24-05-21 10:35:19.537 :     #Activations : 80.0452 [M]
24-05-21 10:35:19.538 :          #Conv2d : 39
24-05-21 10:35:19.625 :            FLOPs : 19.6953 [G]
24-05-21 10:35:19.626 :          #Params : 0.3172 [M]
24-05-21 10:35:19.626 : ------> Average runtime of (D:\Desktop\test1\RLFN-main\data\DIV2K_test_LR) is : 0.241456 seconds
24-05-28 09:55:32.828 : Params number: 317218
24-05-28 09:55:32.829 : D:\Desktop\GD\RLFN-main\data\DIV2K_test_LR
24-05-28 09:55:32.829 : D:\Desktop\GD\RLFN-main\data\DIV2K_test_LR_results
24-05-28 09:55:32.831 : ---1-->   0901.png
24-05-28 09:55:34.516 : ---2-->   0902.png
24-05-28 09:55:34.894 : ---3-->   0903.png
24-05-28 09:55:35.404 : ---4-->   0904.png
24-05-28 10:12:47.832 : Params number: 317218
24-05-28 10:12:47.832 : D:\Desktop\GD\RLFN-main\data\DIV2K_test_LR
24-05-28 10:12:47.833 : D:\Desktop\GD\RLFN-main\data\DIV2K_test_LR_results
24-05-28 10:12:47.833 : ---1-->   0901.png
24-05-28 10:12:48.924 : ---2-->   0902.png
24-05-28 10:12:49.314 : ---3-->   0903.png
24-05-28 10:12:49.846 : ---4-->   0904.png
24-05-28 10:12:50.293 : ---5-->   0905.png
24-05-28 10:12:50.704 : ---6-->   0906.png
24-05-28 10:12:51.117 : ---7-->   0907.png
24-05-28 10:12:51.571 : ---8-->   0908.png
24-05-28 10:12:52.003 : ---9-->   0909.png
24-05-28 10:12:52.409 : --10-->   0910.png
24-05-28 10:12:52.807 : --11-->   0911.png
24-05-28 10:12:53.201 : --12-->   0912.png
24-05-28 10:12:53.504 : --13-->   0913.png
24-05-28 10:12:53.915 : --14-->   0914.png
24-05-28 10:12:54.255 : --15-->   0915.png
24-05-28 10:12:54.666 : --16-->   0916.png
24-05-28 10:12:55.060 : --17-->   0917.png
24-05-28 10:12:55.465 : --18-->   0918.png
24-05-28 10:12:55.847 : --19-->   0919.png
24-05-28 10:12:56.263 : --20-->   0920.png
24-05-28 10:12:56.672 : --21-->   0921.png
24-05-28 10:12:57.109 : --22-->   0922.png
24-05-28 10:12:57.531 : --23-->   0923.png
24-05-28 10:12:58.203 : --24-->   0924.png
24-05-28 10:12:58.611 : --25-->   0925.png
24-05-28 10:12:59.042 : --26-->   0926.png
24-05-28 10:12:59.302 : --27-->   0927.png
24-05-28 10:12:59.597 : --28-->   0928.png
24-05-28 10:13:00.002 : --29-->   0929.png
24-05-28 10:13:00.402 : --30-->   0930.png
24-05-28 10:13:00.790 : --31-->   0931.png
24-05-28 10:13:01.198 : --32-->   0932.png
24-05-28 10:13:01.609 : --33-->   0933.png
24-05-28 10:13:01.968 : --34-->   0934.png
24-05-28 10:13:02.362 : --35-->   0935.png
24-05-28 10:13:02.766 : --36-->   0936.png
24-05-28 10:13:03.193 : --37-->   0937.png
24-05-28 10:13:03.613 : --38-->   0938.png
24-05-28 10:13:04.015 : --39-->   0939.png
24-05-28 10:13:04.414 : --40-->   0940.png
24-05-28 10:13:04.789 : --41-->   0941.png
24-05-28 10:13:05.229 : --42-->   0942.png
24-05-28 10:13:05.622 : --43-->   0943.png
24-05-28 10:13:06.033 : --44-->   0944.png
24-05-28 10:13:06.418 : --45-->   0945.png
24-05-28 10:13:06.875 : --46-->   0946.png
24-05-28 10:13:07.277 : --47-->   0947.png
24-05-28 10:13:07.593 : --48-->   0948.png
24-05-28 10:13:08.065 : --49-->   0949.png
24-05-28 10:13:08.469 : --50-->   0950.png
24-05-28 10:13:08.905 : --51-->   0951.png
24-05-28 10:13:09.386 : --52-->   0952.png
24-05-28 10:13:09.816 : --53-->   0953.png
24-05-28 10:13:10.233 : --54-->   0954.png
24-05-28 10:13:10.651 : --55-->   0955.png
24-05-28 10:13:11.060 : --56-->   0956.png
24-05-28 10:13:11.475 : --57-->   0957.png
24-05-28 10:13:11.914 : --58-->   0958.png
24-05-28 10:13:12.365 : --59-->   0959.png
24-05-28 10:13:12.784 : --60-->   0960.png
24-05-28 10:13:13.300 : --61-->   0961.png
24-05-28 10:13:13.729 : --62-->   0962.png
24-05-28 10:13:14.274 : --63-->   0963.png
24-05-28 10:13:14.737 : --64-->   0964.png
24-05-28 10:13:15.103 : --65-->   0965.png
24-05-28 10:13:15.542 : --66-->   0966.png
24-05-28 10:13:15.990 : --67-->   0967.png
24-05-28 10:13:16.410 : --68-->   0968.png
24-05-28 10:13:16.829 : --69-->   0969.png
24-05-28 10:13:17.146 : --70-->   0970.png
24-05-28 10:13:17.620 : --71-->   0971.png
24-05-28 10:13:18.061 : --72-->   0972.png
24-05-28 10:13:18.503 : --73-->   0973.png
24-05-28 10:13:18.953 : --74-->   0974.png
24-05-28 10:13:19.352 : --75-->   0975.png
24-05-28 10:13:19.992 : --76-->   0976.png
24-05-28 10:13:20.462 : --77-->   0977.png
24-05-28 10:13:20.907 : --78-->   0978.png
24-05-28 10:13:21.327 : --79-->   0979.png
24-05-28 10:13:21.768 : --80-->   0980.png
24-05-28 10:13:22.215 : --81-->   0981.png
24-05-28 10:13:22.868 : --82-->   0982.png
24-05-28 10:13:23.282 : --83-->   0983.png
24-05-28 10:13:23.734 : --84-->   0984.png
24-05-28 10:13:24.113 : --85-->   0985.png
24-05-28 10:13:24.555 : --86-->   0986.png
24-05-28 10:13:25.107 : --87-->   0987.png
24-05-28 10:13:25.600 : --88-->   0988.png
24-05-28 10:13:26.055 : --89-->   0989.png
24-05-28 10:13:26.483 : --90-->   0990.png
24-05-28 10:13:26.944 : --91-->   0991.png
24-05-28 10:13:27.499 : --92-->   0992.png
24-05-28 10:13:27.976 : --93-->   0993.png
24-05-28 10:13:28.321 : --94-->   0994.png
24-05-28 10:13:28.775 : --95-->   0995.png
24-05-28 10:13:29.227 : --96-->   0996.png
24-05-28 10:13:29.724 : --97-->   0997.png
24-05-28 10:13:30.136 : --98-->   0998.png
24-05-28 10:13:30.600 : --99-->   0999.png
24-05-28 10:13:31.053 : -100-->   1000.png
24-05-28 10:13:31.541 :     #Activations : 80.0452 [M]
24-05-28 10:13:31.541 :          #Conv2d : 39
24-05-28 10:13:31.628 :            FLOPs : 19.6953 [G]
24-05-28 10:13:31.628 :          #Params : 0.3172 [M]
24-05-28 10:13:31.628 : ------> Average runtime of (D:\Desktop\GD\RLFN-main\data\DIV2K_test_LR) is : 0.236767 seconds
24-05-28 10:21:02.328 : Params number: 526856
24-05-28 10:21:02.329 : D:\Desktop\GD\RLFN-main\data\DIV2K_test_LR
24-05-28 10:21:02.329 : D:\Desktop\GD\RLFN-main\data\DIV2K_test_LR_results
24-05-28 10:21:02.329 : ---1-->   0901.png
24-05-28 10:21:03.471 : ---2-->   0902.png
24-05-28 10:21:03.877 : ---3-->   0903.png
24-05-28 10:21:04.366 : ---4-->   0904.png
24-05-28 10:21:04.835 : ---5-->   0905.png
24-05-28 10:21:05.249 : ---6-->   0906.png
24-05-28 10:21:05.663 : ---7-->   0907.png
24-05-28 10:21:06.124 : ---8-->   0908.png
24-05-28 10:21:06.538 : ---9-->   0909.png
24-05-28 10:21:06.954 : --10-->   0910.png
24-05-28 10:21:07.366 : --11-->   0911.png
24-05-28 10:21:07.767 : --12-->   0912.png
24-05-28 10:21:08.093 : --13-->   0913.png
24-05-28 10:21:08.510 : --14-->   0914.png
24-05-28 10:21:08.860 : --15-->   0915.png
24-05-28 10:21:09.284 : --16-->   0916.png
24-05-28 10:21:09.710 : --17-->   0917.png
24-05-28 10:21:10.125 : --18-->   0918.png
24-05-28 10:21:10.533 : --19-->   0919.png
24-05-28 10:21:10.944 : --20-->   0920.png
24-05-28 10:21:11.368 : --21-->   0921.png
24-05-28 10:21:11.788 : --22-->   0922.png
24-05-28 10:21:12.216 : --23-->   0923.png
24-05-28 10:21:12.752 : --24-->   0924.png
24-05-28 10:21:13.185 : --25-->   0925.png
24-05-28 10:21:13.624 : --26-->   0926.png
24-05-28 10:21:13.901 : --27-->   0927.png
24-05-28 10:21:14.216 : --28-->   0928.png
24-05-28 10:21:14.637 : --29-->   0929.png
24-05-28 10:21:15.049 : --30-->   0930.png
24-05-28 10:21:15.459 : --31-->   0931.png
24-05-28 10:21:15.875 : --32-->   0932.png
24-05-28 10:21:16.292 : --33-->   0933.png
24-05-28 10:21:16.697 : --34-->   0934.png
24-05-28 10:21:17.118 : --35-->   0935.png
24-05-28 10:21:17.547 : --36-->   0936.png
24-05-28 10:21:17.992 : --37-->   0937.png
24-05-28 10:21:18.408 : --38-->   0938.png
24-05-28 10:21:18.830 : --39-->   0939.png
24-05-28 10:21:19.244 : --40-->   0940.png
24-05-28 10:21:19.654 : --41-->   0941.png
24-05-28 10:21:20.131 : --42-->   0942.png
24-05-28 10:21:20.553 : --43-->   0943.png
24-05-28 10:21:20.979 : --44-->   0944.png
24-05-28 10:21:21.405 : --45-->   0945.png
24-05-28 10:21:21.879 : --46-->   0946.png
24-05-28 10:21:22.328 : --47-->   0947.png
24-05-28 10:21:22.650 : --48-->   0948.png
24-05-28 10:21:23.111 : --49-->   0949.png
24-05-28 10:21:23.530 : --50-->   0950.png
24-05-28 10:21:23.951 : --51-->   0951.png
24-05-28 10:21:24.371 : --52-->   0952.png
24-05-28 10:21:24.791 : --53-->   0953.png
24-05-28 10:21:25.209 : --54-->   0954.png
24-05-28 10:21:25.631 : --55-->   0955.png
24-05-28 10:21:26.056 : --56-->   0956.png
24-05-28 10:21:26.479 : --57-->   0957.png
24-05-28 10:21:26.938 : --58-->   0958.png
24-05-28 10:21:27.368 : --59-->   0959.png
24-05-28 10:21:27.781 : --60-->   0960.png
24-05-28 10:21:28.244 : --61-->   0961.png
24-05-28 10:21:28.660 : --62-->   0962.png
24-05-28 10:21:29.061 : --63-->   0963.png
24-05-28 10:21:29.477 : --64-->   0964.png
24-05-28 10:21:29.835 : --65-->   0965.png
24-05-28 10:21:30.239 : --66-->   0966.png
24-05-28 10:21:30.661 : --67-->   0967.png
24-05-28 10:21:31.065 : --68-->   0968.png
24-05-28 10:21:31.459 : --69-->   0969.png
24-05-28 10:21:31.778 : --70-->   0970.png
24-05-28 10:21:32.235 : --71-->   0971.png
24-05-28 10:21:32.654 : --72-->   0972.png
24-05-28 10:21:33.079 : --73-->   0973.png
24-05-28 10:21:33.498 : --74-->   0974.png
24-05-28 10:21:33.857 : --75-->   0975.png
24-05-28 10:21:34.284 : --76-->   0976.png
24-05-28 10:21:34.702 : --77-->   0977.png
24-05-28 10:21:35.122 : --78-->   0978.png
24-05-28 10:21:35.633 : --79-->   0979.png
24-05-28 10:21:36.053 : --80-->   0980.png
24-05-28 10:21:36.472 : --81-->   0981.png
24-05-28 10:21:37.209 : --82-->   0982.png
24-05-28 10:21:37.605 : --83-->   0983.png
24-05-28 10:21:38.033 : --84-->   0984.png
24-05-28 10:21:38.394 : --85-->   0985.png
24-05-28 10:21:39.098 : --86-->   0986.png
24-05-28 10:21:39.577 : --87-->   0987.png
24-05-28 10:21:40.183 : --88-->   0988.png
24-05-28 10:21:40.610 : --89-->   0989.png
24-05-28 10:21:41.213 : --90-->   0990.png
24-05-28 10:21:41.809 : --91-->   0991.png
24-05-28 10:21:42.512 : --92-->   0992.png
24-05-28 10:21:42.932 : --93-->   0993.png
24-05-28 10:21:43.361 : --94-->   0994.png
24-05-28 10:21:44.057 : --95-->   0995.png
24-05-28 10:21:44.481 : --96-->   0996.png
24-05-28 10:21:45.108 : --97-->   0997.png
24-05-28 10:21:45.469 : --98-->   0998.png
24-05-28 10:21:46.020 : --99-->   0999.png
24-05-28 10:21:46.723 : -100-->   1000.png
24-05-28 10:21:47.159 :     #Activations : 124.1310 [M]
24-05-28 10:21:47.159 :          #Conv2d : 57
24-05-28 10:21:47.293 :            FLOPs : 32.8886 [G]
24-05-28 10:21:47.293 :          #Params : 0.5269 [M]
24-05-28 10:21:47.293 : ------> Average runtime of (D:\Desktop\GD\RLFN-main\data\DIV2K_test_LR) is : 0.392996 seconds
24-05-28 10:23:29.310 : Params number: 526856
24-05-28 10:23:29.311 : D:\Desktop\GD\RLFN-main\data\DIV2K_test_LR
24-05-28 10:23:29.311 : D:\Desktop\GD\RLFN-main\data\DIV2K_test_LR_results
24-05-28 10:23:29.311 : ---1-->   0901.png
24-05-28 10:23:30.411 : ---2-->   0902.png
24-05-28 10:23:30.817 : ---3-->   0903.png
24-05-28 10:23:31.304 : ---4-->   0904.png
24-05-28 10:23:31.772 : ---5-->   0905.png
24-05-28 10:23:32.187 : ---6-->   0906.png
24-05-28 10:23:32.607 : ---7-->   0907.png
24-05-28 10:23:33.070 : ---8-->   0908.png
24-05-28 10:23:33.525 : ---9-->   0909.png
24-05-28 10:23:33.956 : --10-->   0910.png
24-05-28 10:23:34.370 : --11-->   0911.png
24-05-28 10:23:34.777 : --12-->   0912.png
24-05-28 10:23:35.104 : --13-->   0913.png
24-05-28 10:23:35.520 : --14-->   0914.png
24-05-28 10:23:35.872 : --15-->   0915.png
24-05-28 10:23:36.288 : --16-->   0916.png
24-05-28 10:23:36.701 : --17-->   0917.png
24-05-28 10:23:37.124 : --18-->   0918.png
24-05-28 10:23:37.570 : --19-->   0919.png
24-05-28 10:23:37.995 : --20-->   0920.png
24-05-28 10:23:38.425 : --21-->   0921.png
24-05-28 10:23:38.848 : --22-->   0922.png
24-05-28 10:23:39.264 : --23-->   0923.png
24-05-28 10:23:39.789 : --24-->   0924.png
24-05-28 10:23:40.213 : --25-->   0925.png
24-05-28 10:23:40.654 : --26-->   0926.png
24-05-28 10:23:40.930 : --27-->   0927.png
24-05-28 10:23:41.245 : --28-->   0928.png
24-05-28 10:23:41.674 : --29-->   0929.png
24-05-28 10:23:42.091 : --30-->   0930.png
24-05-28 10:23:42.509 : --31-->   0931.png
24-05-28 10:23:42.925 : --32-->   0932.png
24-05-28 10:23:43.336 : --33-->   0933.png
24-05-28 10:23:43.749 : --34-->   0934.png
24-05-28 10:23:44.170 : --35-->   0935.png
24-05-28 10:23:44.581 : --36-->   0936.png
24-05-28 10:23:45.029 : --37-->   0937.png
24-05-28 10:23:45.443 : --38-->   0938.png
24-05-28 10:23:45.858 : --39-->   0939.png
24-05-28 10:23:46.269 : --40-->   0940.png
24-05-28 10:23:46.672 : --41-->   0941.png
24-05-28 10:23:47.139 : --42-->   0942.png
24-05-28 10:23:47.553 : --43-->   0943.png
24-05-28 10:23:47.968 : --44-->   0944.png
24-05-28 10:23:48.386 : --45-->   0945.png
24-05-28 10:23:48.860 : --46-->   0946.png
24-05-28 10:23:49.278 : --47-->   0947.png
24-05-28 10:23:49.602 : --48-->   0948.png
24-05-28 10:23:50.061 : --49-->   0949.png
24-05-28 10:23:50.476 : --50-->   0950.png
24-05-28 10:23:50.895 : --51-->   0951.png
24-05-28 10:23:51.314 : --52-->   0952.png
24-05-28 10:23:51.738 : --53-->   0953.png
24-05-28 10:23:52.155 : --54-->   0954.png
24-05-28 10:23:52.574 : --55-->   0955.png
24-05-28 10:23:52.998 : --56-->   0956.png
24-05-28 10:23:53.419 : --57-->   0957.png
24-05-28 10:23:53.861 : --58-->   0958.png
24-05-28 10:23:54.290 : --59-->   0959.png
24-05-28 10:23:54.811 : --60-->   0960.png
24-05-28 10:23:55.285 : --61-->   0961.png
24-05-28 10:23:55.715 : --62-->   0962.png
24-05-28 10:23:56.123 : --63-->   0963.png
24-05-28 10:23:56.770 : --64-->   0964.png
24-05-28 10:23:57.134 : --65-->   0965.png
24-05-28 10:23:57.544 : --66-->   0966.png
24-05-28 10:23:57.975 : --67-->   0967.png
24-05-28 10:23:58.386 : --68-->   0968.png
24-05-28 10:23:59.008 : --69-->   0969.png
24-05-28 10:23:59.328 : --70-->   0970.png
24-05-28 10:23:59.785 : --71-->   0971.png
24-05-28 10:24:00.437 : --72-->   0972.png
24-05-28 10:24:00.866 : --73-->   0973.png
24-05-28 10:24:01.534 : --74-->   0974.png
24-05-28 10:24:02.066 : --75-->   0975.png
24-05-28 10:24:02.497 : --76-->   0976.png
24-05-28 10:24:03.121 : --77-->   0977.png
24-05-28 10:24:03.743 : --78-->   0978.png
24-05-28 10:24:04.140 : --79-->   0979.png
24-05-28 10:24:04.793 : --80-->   0980.png
24-05-28 10:24:05.450 : --81-->   0981.png
24-05-28 10:24:06.179 : --82-->   0982.png
24-05-28 10:24:06.792 : --83-->   0983.png
24-05-28 10:24:07.476 : --84-->   0984.png
24-05-28 10:24:07.864 : --85-->   0985.png
24-05-28 10:24:08.409 : --86-->   0986.png
24-05-28 10:24:09.143 : --87-->   0987.png
24-05-28 10:24:09.571 : --88-->   0988.png
24-05-28 10:24:10.135 : --89-->   0989.png
24-05-28 10:24:10.842 : --90-->   0990.png
24-05-28 10:24:11.557 : --91-->   0991.png
24-05-28 10:24:12.390 : --92-->   0992.png
24-05-28 10:24:12.922 : --93-->   0993.png
24-05-28 10:24:13.425 : --94-->   0994.png
24-05-28 10:24:14.143 : --95-->   0995.png
24-05-28 10:24:14.873 : --96-->   0996.png
24-05-28 10:24:15.629 : --97-->   0997.png
24-05-28 10:24:16.134 : --98-->   0998.png
24-05-28 10:24:16.764 : --99-->   0999.png
24-05-28 10:24:17.499 : -100-->   1000.png
24-05-28 10:24:18.255 :     #Activations : 124.1310 [M]
24-05-28 10:24:18.255 :          #Conv2d : 57
24-05-28 10:24:18.431 :            FLOPs : 32.8886 [G]
24-05-28 10:24:18.431 :          #Params : 0.5269 [M]
24-05-28 10:24:18.431 : ------> Average runtime of (D:\Desktop\GD\RLFN-main\data\DIV2K_test_LR) is : 0.433230 seconds
24-05-28 10:25:31.481 : Params number: 526856
24-05-28 10:25:31.482 : D:\Desktop\GD\RLFN-main\data\DIV2K_test_LR
24-05-28 10:25:31.482 : D:\Desktop\GD\RLFN-main\data\DIV2K_test_LR_results
24-05-28 10:25:31.483 : ---1-->   0901.png
24-05-28 10:25:32.638 : ---2-->   0902.png
24-05-28 10:25:33.049 : ---3-->   0903.png
24-05-28 10:25:33.537 : ---4-->   0904.png
24-05-28 10:25:34.013 : ---5-->   0905.png
24-05-28 10:25:34.429 : ---6-->   0906.png
24-05-28 10:25:34.847 : ---7-->   0907.png
24-05-28 10:25:35.326 : ---8-->   0908.png
24-05-28 10:25:35.745 : ---9-->   0909.png
24-05-28 10:25:36.164 : --10-->   0910.png
24-05-28 10:25:36.580 : --11-->   0911.png
24-05-28 10:25:36.982 : --12-->   0912.png
24-05-28 10:25:37.310 : --13-->   0913.png
24-05-28 10:25:37.724 : --14-->   0914.png
24-05-28 10:25:38.077 : --15-->   0915.png
24-05-28 10:25:38.491 : --16-->   0916.png
24-05-28 10:25:38.908 : --17-->   0917.png
24-05-28 10:25:39.324 : --18-->   0918.png
24-05-28 10:25:39.737 : --19-->   0919.png
24-05-28 10:25:40.150 : --20-->   0920.png
24-05-28 10:25:40.576 : --21-->   0921.png
24-05-28 10:25:40.997 : --22-->   0922.png
24-05-28 10:25:41.418 : --23-->   0923.png
24-05-28 10:25:41.944 : --24-->   0924.png
24-05-28 10:25:42.365 : --25-->   0925.png
24-05-28 10:25:42.806 : --26-->   0926.png
24-05-28 10:25:43.083 : --27-->   0927.png
24-05-28 10:25:43.393 : --28-->   0928.png
24-05-28 10:25:43.816 : --29-->   0929.png
24-05-28 10:25:44.233 : --30-->   0930.png
24-05-28 10:25:44.656 : --31-->   0931.png
24-05-28 10:25:45.073 : --32-->   0932.png
24-05-28 10:25:45.491 : --33-->   0933.png
24-05-28 10:25:45.898 : --34-->   0934.png
24-05-28 10:25:46.322 : --35-->   0935.png
24-05-28 10:25:46.743 : --36-->   0936.png
24-05-28 10:25:47.185 : --37-->   0937.png
24-05-28 10:25:47.594 : --38-->   0938.png
24-05-28 10:25:48.008 : --39-->   0939.png
24-05-28 10:25:48.424 : --40-->   0940.png
24-05-28 10:25:48.823 : --41-->   0941.png
24-05-28 10:25:49.287 : --42-->   0942.png
24-05-28 10:25:49.704 : --43-->   0943.png
24-05-28 10:25:50.141 : --44-->   0944.png
24-05-28 10:25:50.569 : --45-->   0945.png
24-05-28 10:25:51.041 : --46-->   0946.png
24-05-28 10:25:51.459 : --47-->   0947.png
24-05-28 10:25:51.782 : --48-->   0948.png
24-05-28 10:25:52.284 : --49-->   0949.png
24-05-28 10:25:52.906 : --50-->   0950.png
24-05-28 10:25:53.318 : --51-->   0951.png
24-05-28 10:25:54.065 : --52-->   0952.png
24-05-28 10:25:54.658 : --53-->   0953.png
24-05-28 10:25:55.260 : --54-->   0954.png
24-05-28 10:25:55.857 : --55-->   0955.png
24-05-28 10:25:56.430 : --56-->   0956.png
24-05-28 10:25:57.244 : --57-->   0957.png
24-05-28 10:25:58.053 : --58-->   0958.png
24-05-28 10:25:58.685 : --59-->   0959.png
24-05-28 10:25:59.354 : --60-->   0960.png
24-05-28 10:26:00.195 : --61-->   0961.png
24-05-28 10:26:00.947 : --62-->   0962.png
24-05-28 10:26:01.665 : --63-->   0963.png
24-05-28 10:26:02.252 : --64-->   0964.png
24-05-28 10:26:02.825 : --65-->   0965.png
24-05-28 10:26:03.509 : --66-->   0966.png
24-05-28 10:26:04.082 : --67-->   0967.png
24-05-28 10:26:04.779 : --68-->   0968.png
24-05-28 10:26:14.918 : Params number: 526856
24-05-28 10:26:14.918 : D:\Desktop\GD\RLFN-main\data\DIV2K_test_LR
24-05-28 10:26:14.918 : D:\Desktop\GD\RLFN-main\data\DIV2K_test_LR_results
24-05-28 10:26:14.919 : ---1-->   0901.png
24-05-28 10:26:16.033 : ---2-->   0902.png
24-05-28 10:26:16.442 : ---3-->   0903.png
24-05-28 10:26:16.935 : ---4-->   0904.png
24-05-28 10:26:17.478 : ---5-->   0905.png
24-05-28 10:26:17.913 : ---6-->   0906.png
24-05-28 10:26:18.516 : ---7-->   0907.png
24-05-28 10:26:18.993 : ---8-->   0908.png
24-05-28 10:26:19.692 : ---9-->   0909.png
24-05-28 10:26:20.119 : --10-->   0910.png
24-05-28 10:26:20.725 : --11-->   0911.png
24-05-28 10:26:21.138 : --12-->   0912.png
24-05-28 10:26:21.564 : --13-->   0913.png
24-05-28 10:26:22.166 : --14-->   0914.png
24-05-28 10:26:22.635 : --15-->   0915.png
24-05-28 10:26:23.363 : --16-->   0916.png
24-05-28 10:26:23.933 : --17-->   0917.png
24-05-28 10:26:24.657 : --18-->   0918.png
24-05-28 10:26:25.393 : --19-->   0919.png
24-05-28 10:26:26.134 : --20-->   0920.png
24-05-28 10:26:26.871 : --21-->   0921.png
24-05-28 10:26:27.442 : --22-->   0922.png
24-05-28 10:26:28.162 : --23-->   0923.png
24-05-28 10:26:29.017 : --24-->   0924.png
24-05-28 10:26:29.722 : --25-->   0925.png
24-05-28 10:26:30.289 : --26-->   0926.png
24-05-28 10:26:30.703 : --27-->   0927.png
24-05-28 10:26:31.195 : --28-->   0928.png
24-05-28 10:26:31.900 : --29-->   0929.png
24-05-28 10:26:32.568 : --30-->   0930.png
24-05-28 10:26:33.221 : --31-->   0931.png
24-05-28 10:26:34.185 : --32-->   0932.png
24-05-28 10:26:35.429 : --33-->   0933.png
24-05-28 10:26:36.528 : --34-->   0934.png
24-05-28 10:26:37.234 : --35-->   0935.png
24-05-28 10:26:37.928 : --36-->   0936.png
24-05-28 10:26:38.678 : --37-->   0937.png
24-05-28 10:26:39.364 : --38-->   0938.png
24-05-28 10:26:40.060 : --39-->   0939.png
24-05-28 10:26:40.771 : --40-->   0940.png
24-05-28 10:26:41.471 : --41-->   0941.png
24-05-28 10:26:42.288 : --42-->   0942.png
24-05-28 10:26:43.017 : --43-->   0943.png
24-05-28 10:26:43.799 : --44-->   0944.png
24-05-28 10:26:44.964 : --45-->   0945.png
24-05-28 10:26:46.357 : --46-->   0946.png
24-05-28 10:26:47.558 : --47-->   0947.png
24-05-28 10:26:48.438 : --48-->   0948.png
24-05-28 10:26:49.842 : --49-->   0949.png
24-05-28 10:26:51.021 : --50-->   0950.png
24-05-28 10:26:52.190 : --51-->   0951.png
24-05-28 10:26:53.368 : --52-->   0952.png
24-05-28 10:26:54.561 : --53-->   0953.png
24-05-28 10:26:55.758 : --54-->   0954.png
24-05-28 10:26:56.965 : --55-->   0955.png
24-05-28 10:26:58.150 : --56-->   0956.png
24-05-28 10:26:59.349 : --57-->   0957.png
24-05-28 10:27:00.631 : --58-->   0958.png
24-05-28 10:27:01.847 : --59-->   0959.png
24-05-28 10:27:02.979 : --60-->   0960.png
24-05-28 10:27:04.362 : --61-->   0961.png
24-05-28 10:27:05.537 : --62-->   0962.png
24-05-28 10:27:06.683 : --63-->   0963.png
24-05-28 10:27:07.895 : --64-->   0964.png
24-05-28 10:27:08.940 : --65-->   0965.png
24-05-28 10:27:10.066 : --66-->   0966.png
24-05-28 10:28:11.801 : Params number: 526856
24-05-28 10:28:11.801 : D:\Desktop\GD\RLFN-main\data\DIV2K_test_LR
24-05-28 10:28:11.802 : D:\Desktop\GD\RLFN-main\data\DIV2K_test_LR_results
24-05-28 10:28:11.802 : ---1-->   0901.png
24-05-28 10:28:12.928 : ---2-->   0902.png
24-05-28 10:28:13.343 : ---3-->   0903.png
24-05-28 10:28:13.830 : ---4-->   0904.png
24-05-28 10:28:14.294 : ---5-->   0905.png
24-05-28 10:28:14.708 : ---6-->   0906.png
24-05-28 10:28:15.118 : ---7-->   0907.png
24-05-28 10:28:15.579 : ---8-->   0908.png
24-05-28 10:28:15.993 : ---9-->   0909.png
24-05-28 10:28:16.407 : --10-->   0910.png
24-05-28 10:28:16.818 : --11-->   0911.png
24-05-28 10:28:17.219 : --12-->   0912.png
24-05-28 10:28:17.545 : --13-->   0913.png
24-05-28 10:28:17.960 : --14-->   0914.png
24-05-28 10:28:18.315 : --15-->   0915.png
24-05-28 10:28:18.731 : --16-->   0916.png
24-05-28 10:28:19.142 : --17-->   0917.png
24-05-28 10:28:19.556 : --18-->   0918.png
24-05-28 10:28:19.967 : --19-->   0919.png
24-05-28 10:28:20.376 : --20-->   0920.png
24-05-28 10:28:20.794 : --21-->   0921.png
24-05-28 10:28:21.216 : --22-->   0922.png
24-05-28 10:28:21.631 : --23-->   0923.png
24-05-28 10:28:22.155 : --24-->   0924.png
24-05-28 10:28:22.575 : --25-->   0925.png
24-05-28 10:28:23.015 : --26-->   0926.png
24-05-28 10:28:23.289 : --27-->   0927.png
24-05-28 10:28:23.598 : --28-->   0928.png
24-05-28 10:28:24.088 : --29-->   0929.png
24-05-28 10:28:24.659 : --30-->   0930.png
24-05-28 10:28:25.074 : --31-->   0931.png
24-05-28 10:28:25.601 : --32-->   0932.png
24-05-28 10:28:26.281 : --33-->   0933.png
24-05-28 10:28:26.797 : --34-->   0934.png
24-05-28 10:28:27.518 : --35-->   0935.png
24-05-28 10:28:28.054 : --36-->   0936.png
24-05-28 10:28:28.798 : --37-->   0937.png
24-05-28 10:28:29.483 : --38-->   0938.png
24-05-28 10:28:30.130 : --39-->   0939.png
24-05-28 10:28:30.772 : --40-->   0940.png
24-05-28 10:28:31.960 : --41-->   0941.png
24-05-28 10:28:33.552 : --42-->   0942.png
24-05-28 10:28:34.946 : --43-->   0943.png
24-05-28 10:28:36.365 : --44-->   0944.png
24-05-28 10:28:37.806 : --45-->   0945.png
24-05-28 10:28:39.394 : --46-->   0946.png
24-05-28 10:28:40.661 : --47-->   0947.png
24-05-28 10:28:41.174 : --48-->   0948.png
24-05-28 10:28:42.046 : --49-->   0949.png
24-05-28 10:28:42.802 : --50-->   0950.png
24-05-28 10:28:43.546 : --51-->   0951.png
24-05-28 10:28:44.638 : --52-->   0952.png
24-05-28 10:28:45.852 : --53-->   0953.png
24-05-28 10:28:47.025 : --54-->   0954.png
24-05-28 10:28:48.250 : --55-->   0955.png
24-05-28 10:28:49.481 : --56-->   0956.png
24-05-28 10:28:50.712 : --57-->   0957.png
24-05-28 10:28:51.957 : --58-->   0958.png
24-05-28 10:28:53.158 : --59-->   0959.png
24-05-28 10:28:54.307 : --60-->   0960.png
24-05-28 10:28:55.663 : --61-->   0961.png
24-05-28 10:28:56.893 : --62-->   0962.png
24-05-28 10:28:58.215 : --63-->   0963.png
24-05-28 10:28:59.569 : --64-->   0964.png
24-05-28 10:29:00.569 : --65-->   0965.png
24-05-28 10:29:29.369 : Params number: 526856
24-05-28 10:29:29.370 : D:\Desktop\GD\RLFN-main\data\DIV2K_test_LR
24-05-28 10:29:29.370 : D:\Desktop\GD\RLFN-main\data\DIV2K_test_LR_results
24-05-28 10:29:29.371 : ---1-->   0901.png
24-05-28 10:29:30.454 : ---2-->   0902.png
24-05-28 10:29:30.859 : ---3-->   0903.png
24-05-28 10:29:31.343 : ---4-->   0904.png
24-05-28 10:29:31.807 : ---5-->   0905.png
24-05-28 10:29:32.223 : ---6-->   0906.png
24-05-28 10:29:32.637 : ---7-->   0907.png
24-05-28 10:29:33.100 : ---8-->   0908.png
24-05-28 10:29:33.514 : ---9-->   0909.png
24-05-28 10:29:33.932 : --10-->   0910.png
24-05-28 10:29:34.564 : --11-->   0911.png
24-05-28 10:29:34.968 : --12-->   0912.png
24-05-28 10:29:35.456 : --13-->   0913.png
24-05-28 10:29:36.106 : --14-->   0914.png
24-05-28 10:29:36.534 : --15-->   0915.png
24-05-28 10:29:37.215 : --16-->   0916.png
24-05-28 10:29:37.870 : --17-->   0917.png
24-05-28 10:29:38.561 : --18-->   0918.png
24-05-28 10:29:39.214 : --19-->   0919.png
24-05-28 10:29:39.891 : --20-->   0920.png
24-05-28 10:29:40.570 : --21-->   0921.png
24-05-28 10:29:41.221 : --22-->   0922.png
24-05-28 10:29:41.754 : --23-->   0923.png
24-05-28 10:29:42.672 : --24-->   0924.png
24-05-28 10:29:43.326 : --25-->   0925.png
24-05-28 10:29:44.129 : --26-->   0926.png
24-05-28 10:29:44.635 : --27-->   0927.png
24-05-28 10:29:45.226 : --28-->   0928.png
24-05-28 10:29:46.010 : --29-->   0929.png
24-05-28 10:29:46.769 : --30-->   0930.png
24-05-28 10:29:47.545 :     #Activations : 124.1310 [M]
24-05-28 10:29:47.545 :          #Conv2d : 57
24-05-28 10:29:47.771 :            FLOPs : 32.8886 [G]
24-05-28 10:29:47.771 :          #Params : 0.5269 [M]
24-05-28 10:29:47.771 : ------> Average runtime of (D:\Desktop\GD\RLFN-main\data\DIV2K_test_LR) is : 0.552915 seconds
24-05-28 10:30:40.455 : Params number: 526856
24-05-28 10:30:40.455 : D:\Desktop\GD\RLFN-main\data\DIV2K_test_LR
24-05-28 10:30:40.455 : D:\Desktop\GD\RLFN-main\data\DIV2K_test_LR_results
24-05-28 10:30:40.456 : ---1-->   0901.png
24-05-28 10:30:41.540 : ---2-->   0902.png
24-05-28 10:30:41.944 : ---3-->   0903.png
24-05-28 10:30:42.438 : ---4-->   0904.png
24-05-28 10:30:42.905 : ---5-->   0905.png
24-05-28 10:30:43.317 : ---6-->   0906.png
24-05-28 10:30:43.728 : ---7-->   0907.png
24-05-28 10:30:44.188 : ---8-->   0908.png
24-05-28 10:30:44.602 : ---9-->   0909.png
24-05-28 10:30:45.021 : --10-->   0910.png
24-05-28 10:30:45.432 : --11-->   0911.png
24-05-28 10:30:45.834 : --12-->   0912.png
24-05-28 10:30:46.160 : --13-->   0913.png
24-05-28 10:30:46.577 : --14-->   0914.png
24-05-28 10:30:46.933 : --15-->   0915.png
24-05-28 10:30:47.349 : --16-->   0916.png
24-05-28 10:30:47.761 : --17-->   0917.png
24-05-28 10:30:48.176 : --18-->   0918.png
24-05-28 10:30:48.587 : --19-->   0919.png
24-05-28 10:30:48.997 : --20-->   0920.png
24-05-28 10:30:49.414 : --21-->   0921.png
24-05-28 10:30:49.831 : --22-->   0922.png
24-05-28 10:30:50.243 : --23-->   0923.png
24-05-28 10:30:50.766 : --24-->   0924.png
24-05-28 10:30:51.193 : --25-->   0925.png
24-05-28 10:30:51.636 : --26-->   0926.png
24-05-28 10:30:51.911 : --27-->   0927.png
24-05-28 10:30:52.383 : --28-->   0928.png
24-05-28 10:30:52.810 : --29-->   0929.png
24-05-28 10:30:53.534 : --30-->   0930.png
24-05-28 10:30:54.144 :     #Activations : 124.1310 [M]
24-05-28 10:30:54.144 :          #Conv2d : 57
24-05-28 10:30:54.287 :            FLOPs : 32.8886 [G]
24-05-28 10:30:54.288 :          #Params : 0.5269 [M]
24-05-28 10:30:54.288 : ------> Average runtime of (D:\Desktop\GD\RLFN-main\data\DIV2K_test_LR) is : 0.405388 seconds
